#
# There is insufficient memory for the Java Runtime Environment to continue.
# Native memory allocation (mmap) failed to map 268435456 bytes for G1 virtual space
# Possible reasons:
#   The system is out of physical RAM or swap space
#   The process is running with CompressedOops enabled, and the Java Heap may be blocking the growth of the native heap
# Possible solutions:
#   Reduce memory load on the system
#   Increase physical memory or swap space
#   Check if swap backing store is full
#   Decrease Java heap size (-Xmx/-Xms)
#   Decrease number of Java threads
#   Decrease Java thread stack sizes (-Xss)
#   Set larger code cache with -XX:ReservedCodeCacheSize=
#   JVM is running with Zero Based Compressed Oops mode in which the Java heap is
#     placed in the first 32GB address space. The Java Heap base address is the
#     maximum limit for the native heap growth. Please use -XX:HeapBaseMinAddress
#     to set the Java Heap base and to place the Java Heap above 32GB virtual address.
# This output file may be truncated or incomplete.
#
#  Out of Memory Error (os_windows.cpp:3769), pid=31840, tid=31860
#
# JRE version:  (17.0.6+10) (build )
# Java VM: OpenJDK 64-Bit Server VM (17.0.6+10-b829.9, mixed mode, sharing, tiered, compressed oops, compressed class ptrs, g1 gc, windows-amd64)
# No core dump will be written. Minidumps are not enabled by default on client versions of Windows
#

---------------  S U M M A R Y ------------

Command Line: git4idea.http.GitAskPassApp Username for 'https://vm-2d21.inf.h-brs.de': 

Host: Intel(R) Core(TM) i7-9700K CPU @ 3.60GHz, 8 cores, 15G,  Windows 11 , 64 bit Build 22621 (10.0.22621.1485)
Time: Sun Apr 30 21:07:31 2023 W. Europe Daylight Time elapsed time: 0.044339 seconds (0d 0h 0m 0s)

---------------  T H R E A D  ---------------

Current thread (0x000001c31b80c2d0):  JavaThread "Unknown thread" [_thread_in_vm, id=31860, stack(0x000000be35800000,0x000000be35900000)]

Stack: [0x000000be35800000,0x000000be35900000]
Native frames: (J=compiled Java code, j=interpreted, Vv=VM code, C=native code)
V  [jvm.dll+0x683c5a]
V  [jvm.dll+0x842764]
V  [jvm.dll+0x843f5e]
V  [jvm.dll+0x8445c3]
V  [jvm.dll+0x249b75]
V  [jvm.dll+0x680b29]
V  [jvm.dll+0x67501a]
V  [jvm.dll+0x309acb]
V  [jvm.dll+0x310f86]
V  [jvm.dll+0x3608ee]
V  [jvm.dll+0x360b1f]
V  [jvm.dll+0x2dfbf8]
V  [jvm.dll+0x2e0b64]
V  [jvm.dll+0x814051]
V  [jvm.dll+0x36e6a1]
V  [jvm.dll+0x7f358c]
V  [jvm.dll+0x3f0e8f]
V  [jvm.dll+0x3f29d1]
C  [jli.dll+0x526b]
C  [ucrtbase.dll+0x29363]
C  [KERNEL32.DLL+0x1269d]
C  [ntdll.dll+0x5a9f8]


---------------  P R O C E S S  ---------------

Threads class SMR info:
_java_thread_list=0x00007fffdca1c058, length=0, elements={
}

Java Threads: ( => current thread )

Other Threads:
  0x000001c31b8773a0 GCTaskThread "GC Thread#0" [stack: 0x000000be35900000,0x000000be35a00000] [id=31864]
  0x000001c31b8881f0 ConcurrentGCThread "G1 Main Marker" [stack: 0x000000be35a00000,0x000000be35b00000] [id=31868]
  0x000001c31b888d60 ConcurrentGCThread "G1 Conc#0" [stack: 0x000000be35b00000,0x000000be35c00000] [id=31872]

[error occurred during error reporting (printing all threads), id 0xc0000005, EXCEPTION_ACCESS_VIOLATION (0xc0000005) at pc=0x00007fffdc1d0797]

VM state: not at safepoint (not fully initialized)

VM Mutex/Monitor currently owned by a thread:  ([mutex/lock_event])
[0x000001c31b806070] Heap_lock - owner thread: 0x000001c31b80c2d0

Heap address: 0x0000000700e00000, size: 4082 MB, Compressed Oops mode: Zero based, Oop shift amount: 3

CDS archive(s) mapped at: [0x0000000000000000-0x0000000000000000-0x0000000000000000), size 0, SharedBaseAddress: 0x0000000800000000, ArchiveRelocationMode: 0.
Narrow klass base: 0x0000000000000000, Narrow klass shift: 0, Narrow klass range: 0x0

GC Precious Log:
<Empty>

Heap:
 garbage-first heap   total 0K, used 0K [0x0000000700e00000, 0x0000000800000000)
  region size 2048K, 0 young (0K), 0 survivors (0K)

[error occurred during error reporting (printing heap information), id 0xc0000005, EXCEPTION_ACCESS_VIOLATION (0xc0000005) at pc=0x00007fffdc5bda49]

GC Heap History (0 events):
No events

Dll operation events (1 events):
Event: 0.011 Loaded shared library C:\Program Files\JetBrains\IntelliJ IDEA 2023.1\jbr\bin\java.dll

Deoptimization events (0 events):
No events

Classes unloaded (0 events):
No events

Classes redefined (0 events):
No events

Internal exceptions (0 events):
No events

VM Operations (0 events):
No events

Events (0 events):
No events


Dynamic libraries:
0x00007ff7d49b0000 - 0x00007ff7d49ba000 	C:\Program Files\JetBrains\IntelliJ IDEA 2023.1\jbr\bin\java.exe
0x00007ff81d250000 - 0x00007ff81d464000 	C:\WINDOWS\SYSTEM32\ntdll.dll
0x00007ff81c4b0000 - 0x00007ff81c572000 	C:\WINDOWS\System32\KERNEL32.DLL
0x00007ff81ac10000 - 0x00007ff81afac000 	C:\WINDOWS\System32\KERNELBASE.dll
0x00007ff81a7f0000 - 0x00007ff81a901000 	C:\WINDOWS\System32\ucrtbase.dll
0x00007ff810d10000 - 0x00007ff810d27000 	C:\Program Files\JetBrains\IntelliJ IDEA 2023.1\jbr\bin\jli.dll
0x00007fffe9200000 - 0x00007fffe921b000 	C:\Program Files\JetBrains\IntelliJ IDEA 2023.1\jbr\bin\VCRUNTIME140.dll
0x00007ff81c720000 - 0x00007ff81c8cb000 	C:\WINDOWS\System32\USER32.dll
0x00007ff81a910000 - 0x00007ff81a936000 	C:\WINDOWS\System32\win32u.dll
0x00007ff81cc80000 - 0x00007ff81cca9000 	C:\WINDOWS\System32\GDI32.dll
0x00007ff81a660000 - 0x00007ff81a773000 	C:\WINDOWS\System32\gdi32full.dll
0x00007ff81aa00000 - 0x00007ff81aa9a000 	C:\WINDOWS\System32\msvcp_win.dll
0x00007ff80ce60000 - 0x00007ff80d0ee000 	C:\WINDOWS\WinSxS\amd64_microsoft.windows.common-controls_6595b64144ccf1df_6.0.22621.608_none_a9444ca7c10bb01d\COMCTL32.dll
0x00007ff81c350000 - 0x00007ff81c3f7000 	C:\WINDOWS\System32\msvcrt.dll
0x00007ff81c6e0000 - 0x00007ff81c711000 	C:\WINDOWS\System32\IMM32.DLL
0x00007ff812cd0000 - 0x00007ff812cdc000 	C:\Program Files\JetBrains\IntelliJ IDEA 2023.1\jbr\bin\vcruntime140_1.dll
0x00007fffc8df0000 - 0x00007fffc8e7d000 	C:\Program Files\JetBrains\IntelliJ IDEA 2023.1\jbr\bin\msvcp140.dll
0x00007fffdbee0000 - 0x00007fffdcb4e000 	C:\Program Files\JetBrains\IntelliJ IDEA 2023.1\jbr\bin\server\jvm.dll
0x00007ff81c9d0000 - 0x00007ff81ca7e000 	C:\WINDOWS\System32\ADVAPI32.dll
0x00007ff81cf70000 - 0x00007ff81d014000 	C:\WINDOWS\System32\sechost.dll
0x00007ff81ce50000 - 0x00007ff81cf67000 	C:\WINDOWS\System32\RPCRT4.dll
0x00007ff817a10000 - 0x00007ff817a19000 	C:\WINDOWS\SYSTEM32\WSOCK32.dll
0x00007ff81c950000 - 0x00007ff81c9c1000 	C:\WINDOWS\System32\WS2_32.dll
0x00007ff8130a0000 - 0x00007ff8130aa000 	C:\WINDOWS\SYSTEM32\VERSION.dll
0x00007ff813ec0000 - 0x00007ff813ef4000 	C:\WINDOWS\SYSTEM32\WINMM.dll
0x00007ff8197a0000 - 0x00007ff8197b8000 	C:\WINDOWS\SYSTEM32\kernel.appcore.dll
0x00007ff817a00000 - 0x00007ff817a0a000 	C:\Program Files\JetBrains\IntelliJ IDEA 2023.1\jbr\bin\jimage.dll
0x00007ff80d380000 - 0x00007ff80d5ae000 	C:\WINDOWS\SYSTEM32\DBGHELP.DLL
0x00007ff81b7c0000 - 0x00007ff81bb49000 	C:\WINDOWS\System32\combase.dll
0x00007ff81ca90000 - 0x00007ff81cb67000 	C:\WINDOWS\System32\OLEAUT32.dll
0x00007ff800ab0000 - 0x00007ff800ae2000 	C:\WINDOWS\SYSTEM32\dbgcore.DLL
0x00007ff81afb0000 - 0x00007ff81b02b000 	C:\WINDOWS\System32\bcryptPrimitives.dll
0x00007ff812e60000 - 0x00007ff812e85000 	C:\Program Files\JetBrains\IntelliJ IDEA 2023.1\jbr\bin\java.dll

dbghelp: loaded successfully - version: 4.0.5 - missing functions: none
symbol engine: initialized successfully - sym options: 0x614 - pdb path: .;C:\Program Files\JetBrains\IntelliJ IDEA 2023.1\jbr\bin;C:\WINDOWS\SYSTEM32;C:\WINDOWS\WinSxS\amd64_microsoft.windows.common-controls_6595b64144ccf1df_6.0.22621.608_none_a9444ca7c10bb01d;C:\Program Files\JetBrains\IntelliJ IDEA 2023.1\jbr\bin\server

VM Arguments:
java_command: git4idea.http.GitAskPassApp Username for 'https://vm-2d21.inf.h-brs.de': 
java_class_path (initial): C:/Program Files/JetBrains/IntelliJ IDEA 2023.1/plugins/vcs-git/lib/git4idea-rt.jar;C:/Program Files/JetBrains/IntelliJ IDEA 2023.1/lib/externalProcess-rt.jar
Launcher Type: SUN_STANDARD

[Global flags]
     intx CICompilerCount                          = 4                                         {product} {ergonomic}
     uint ConcGCThreads                            = 2                                         {product} {ergonomic}
     uint G1ConcRefinementThreads                  = 8                                         {product} {ergonomic}
   size_t G1HeapRegionSize                         = 2097152                                   {product} {ergonomic}
    uintx GCDrainStackTargetSize                   = 64                                        {product} {ergonomic}
   size_t InitialHeapSize                          = 268435456                                 {product} {ergonomic}
   size_t MarkStackSize                            = 4194304                                   {product} {ergonomic}
   size_t MaxHeapSize                              = 4280287232                                {product} {ergonomic}
   size_t MinHeapDeltaBytes                        = 2097152                                   {product} {ergonomic}
   size_t MinHeapSize                              = 8388608                                   {product} {ergonomic}
    uintx NonNMethodCodeHeapSize                   = 5839372                                {pd product} {ergonomic}
    uintx NonProfiledCodeHeapSize                  = 122909434                              {pd product} {ergonomic}
    uintx ProfiledCodeHeapSize                     = 122909434                              {pd product} {ergonomic}
    uintx ReservedCodeCacheSize                    = 251658240                              {pd product} {ergonomic}
     bool SegmentedCodeCache                       = true                                      {product} {ergonomic}
   size_t SoftMaxHeapSize                          = 4280287232                             {manageable} {ergonomic}
     bool UseCompressedClassPointers               = true                           {product lp64_product} {ergonomic}
     bool UseCompressedOops                        = true                           {product lp64_product} {ergonomic}
     bool UseG1GC                                  = true                                      {product} {ergonomic}
     bool UseLargePagesIndividualAllocation        = false                                  {pd product} {ergonomic}

Logging:
Log output configuration:
 #0: stdout all=warning uptime,level,tags
 #1: stderr all=off uptime,level,tags

Environment Variables:
JAVA_HOME=C:\Program Files\Java\jdk-20
PATH=C:\Program Files\Git\mingw64\libexec\git-core;C:\Program Files\Git\mingw64\libexec\git-core;C:\Program Files\Git\mingw64\bin;C:\Program Files\Git\usr\bin;C:\Users\Nutzer\bin;C:\Program Files\Common Files\Oracle\Java\javapath;C:\WINDOWS\system32;C:\WINDOWS;C:\WINDOWS\System32\Wbem;C:\WINDOWS\System32\WindowsPowerShell\v1.0;C:\WINDOWS\System32\OpenSSH;C:\Program Files\NVIDIA Corporation\NVIDIA NvDLISR;C:\Program Files (x86)\NVIDIA Corporation\PhysX\Common;C:\Program Files\Git\cmd;C:\Program Files (x86)\GnuPG\bin;C:\WINDOWS\system32;C:\WINDOWS;C:\WINDOWS\System32\Wbem;C:\WINDOWS\System32\WindowsPowerShell\v1.0;C:\WINDOWS\System32\OpenSSH;C:\systemvariablenordner\apache-maven-3.9.1\bin;C:\msys64\mingw64\bin;C:\Users\Nutzer\AppData\Local\Microsoft\WindowsApps;C:\Users\Nutzer\AppData\Local\JetBrains\CLion 2022.1.3\bin;C:\Users\Nutzer\AppData\Local\Programs\Microsoft VS Code\bin
USERNAME=Nutzer
DISPLAY=:0.0
LC_ALL=en_US.UTF-8
TERM=xterm-256color
TMPDIR=C:\Users\Nutzer\AppData\Local\Temp
OS=Windows_NT
PROCESSOR_IDENTIFIER=Intel64 Family 6 Model 158 Stepping 12, GenuineIntel
TMP=C:\Users\Nutzer\AppData\Local\Temp
TEMP=C:\Users\Nutzer\AppData\Local\Temp


JNI global refs:

[error occurred during error reporting (JNI global references), id 0xc0000005, EXCEPTION_ACCESS_VIOLATION (0xc0000005) at pc=0x00007fffdbf97a10]


---------------  S Y S T E M  ---------------

OS:
 Windows 11 , 64 bit Build 22621 (10.0.22621.1485)
OS uptime: 2 days 22:39 hours

CPU: total 8 (initial active 8) (8 cores per cpu, 1 threads per core) family 6 model 158 stepping 12 microcode 0xde, cx8, cmov, fxsr, mmx, 3dnowpref, sse, sse2, sse3, ssse3, sse4.1, sse4.2, popcnt, lzcnt, tsc, tscinvbit, avx, avx2, aes, erms, clmul, bmi1, bmi2, rtm, adx, fma, vzeroupper, clflush, clflushopt

Memory: 4k page, system-wide physical 16325M (3288M free)
TotalPageFile size 21420M (AvailPageFile size 146M)
current process WorkingSet (physical memory assigned to process): 11M, peak: 11M
current process commit charge ("private bytes"): 60M, peak: 316M

vm_info: OpenJDK 64-Bit Server VM (17.0.6+10-b829.9) for windows-amd64 JRE (17.0.6+10-b829.9), built on 2023-04-09 by "builduser" with MS VC++ 16.10 / 16.11 (VS2019)

END.
